<?xml version="1.0" encoding="UTF-8"?>
<!-- Generated by org.testng.reporters.JUnitXMLReporter -->
<testsuite hostname="INBLRNB0299" ignored="0" name="Test" tests="2" failures="2" timestamp="23 Nov 2019 16:27:59 GMT" time="24.022" errors="0">
  <testcase name="test1" time="3.714" classname="seleniumtest.AddNewPayeeScenarioWithDataProvider">
    <failure type="java.lang.AssertionError" message="Payee Name not found expected [true] but found [false]">
      <![CDATA[java.lang.AssertionError: Payee Name not found expected [true] but found [false]
at seleniumtest.AddNewPayeeScenarioWithDataProvider.test1(AddNewPayeeScenarioWithDataProvider.java:72)
... Removed 28 stack frames]]>
    </failure>
  </testcase> <!-- test1 -->
  <testcase name="test1" time="3.191" classname="seleniumtest.AddNewPayeeScenarioWithDataProvider">
    <failure type="java.lang.AssertionError" message="Payee Name not found expected [true] but found [false]">
      <![CDATA[java.lang.AssertionError: Payee Name not found expected [true] but found [false]
at seleniumtest.AddNewPayeeScenarioWithDataProvider.test1(AddNewPayeeScenarioWithDataProvider.java:72)
... Removed 28 stack frames]]>
    </failure>
  </testcase> <!-- test1 -->
</testsuite> <!-- Test -->
